<?xml version="1.0" encoding="UTF-8"?>
<testsuite xmlns:xsi="http://www.w3.org/2001/XMLSchema-instance" xsi:noNamespaceSchemaLocation="https://maven.apache.org/surefire/maven-surefire-plugin/xsd/surefire-test-report-3.0.xsd" version="3.0" name="lambda.IngestFeedbackFunctionTest" time="6.766" tests="9" errors="0" skipped="0" failures="0">
  <properties>
[...]
</properties>
  <testcase name="testHandleRequest_NullBody" classname="lambda.IngestFeedbackFunctionTest" time="6.225">
    <system-err><![CDATA[WARNING: A Java agent has been loaded dynamically (C:\Users\agath\.m2\repository\net\bytebuddy\byte-buddy-agent\1.14.9\byte-buddy-agent-1.14.9.jar)
WARNING: If a serviceability tool is in use, please run with -XX:+EnableDynamicAgentLoading to hide this warning
WARNING: If a serviceability tool is not in use, please run with -Djdk.instrument.traceUsage for more information
WARNING: Dynamic loading of agents will be disallowed by default in a future release
SLF4J: Failed to load class "org.slf4j.impl.StaticLoggerBinder".
SLF4J: Defaulting to no-operation (NOP) logger implementation
SLF4J: See http://www.slf4j.org/codes.html#StaticLoggerBinder for further details.
]]></system-err>
  </testcase>
  <testcase name="testHandleRequest_WithPartialData" classname="lambda.IngestFeedbackFunctionTest" time="0.076"/>
  <testcase name="testHandleRequest_EmptyBody" classname="lambda.IngestFeedbackFunctionTest" time="0.012"/>
  <testcase name="testHandleRequest_WithoutAuthorizer" classname="lambda.IngestFeedbackFunctionTest" time="0.033"/>
  <testcase name="testHandleRequest_Success" classname="lambda.IngestFeedbackFunctionTest" time="0.022"/>
  <testcase name="testHandleRequest_DynamoDbError" classname="lambda.IngestFeedbackFunctionTest" time="0.019"/>
  <testcase name="testBuildResponse_JsonSerializationError" classname="lambda.IngestFeedbackFunctionTest" time="0.018"/>
  <testcase name="testHandleRequest_InvalidJson" classname="lambda.IngestFeedbackFunctionTest" time="0.005"/>
  <testcase name="testHandleRequest_WithCognitoClaims" classname="lambda.IngestFeedbackFunctionTest" time="0.021"/>
</testsuite>